<?xml version="1.0" encoding="UTF-8"?>
<testng-results skipped="0" failed="0" ignored="0" total="1" passed="1">
  <reporter-output>
  </reporter-output>
  <suite name="Default suite" duration-ms="27427" started-at="2017-07-26T09:04:16Z" finished-at="2017-07-26T09:04:44Z">
    <groups>
    </groups>
    <test name="Default test" duration-ms="27427" started-at="2017-07-26T09:04:16Z" finished-at="2017-07-26T09:04:44Z">
      <class name="com.ClickOnLocal">
        <test-method status="PASS" signature="beforeTest()[pri:0, instance:com.ClickOnLocal@7e1c8e60]" name="beforeTest" is-config="true" duration-ms="24811" started-at="2017-07-26T14:34:16Z" finished-at="2017-07-26T14:34:41Z">
          <reporter-output>
          </reporter-output>
        </test-method> <!-- beforeTest -->
        <test-method status="PASS" signature="testEnterFromPlace()[pri:0, instance:com.ClickOnLocal@7e1c8e60]" name="testEnterFromPlace" duration-ms="707" started-at="2017-07-26T14:34:41Z" finished-at="2017-07-26T14:34:42Z">
          <reporter-output>
          </reporter-output>
        </test-method> <!-- testEnterFromPlace -->
        <test-method status="PASS" signature="afterTest()[pri:0, instance:com.ClickOnLocal@7e1c8e60]" name="afterTest" is-config="true" duration-ms="1863" started-at="2017-07-26T14:34:42Z" finished-at="2017-07-26T14:34:44Z">
          <reporter-output>
          </reporter-output>
        </test-method> <!-- afterTest -->
      </class> <!-- com.ClickOnLocal -->
    </test> <!-- Default test -->
  </suite> <!-- Default suite -->
</testng-results>
