<?xml version="1.0" encoding="UTF-8"?>
<!-- Generated by org.testng.reporters.JUnitXMLReporter -->
<testsuite hostname="MMSVD9328" ignored="0" name="cleartrip" tests="4" failures="0" timestamp="26 Jul 2017 08:51:06 GMT" time="109.046" errors="0">
  <testcase name="testEnterFromPlace" time="1.451" classname="com.EnterToPlace"/>
  <testcase name="testEnterFromPlace" time="2.426" classname="com.EnterFromPlace"/>
  <testcase name="testEnterFromPlace" time="2.47" classname="com.ClickOnLocal"/>
  <testcase name="testEnterFromPlace" time="4.849" classname="com.ClickOnHotels"/>
</testsuite> <!-- cleartrip -->
